2025-04-06 18:53:25,962:INFO:Starting intruder detection system.
2025-04-06 18:53:25,964:INFO:GPIO not available — running in mock mode.
2025-04-06 18:53:25,964:INFO:Running without physical GPIO.
2025-04-06 18:53:26,263:INFO:Loaded 1 face embeddings
2025-04-06 18:53:26,723:INFO:Starting video capture loop
2025-04-06 18:53:28,838:INFO:\u2192 Closest match: Gaindu, Cosine distance: 0.2465
2025-04-06 18:53:28,839:INFO:[+] Recognized: Gaindu
2025-04-06 18:53:28,839:INFO:[MOCK] Green LED ON for Gaindu
2025-04-06 18:53:28,840:INFO:Recognition cycle took 0.2241 seconds
2025-04-06 18:53:29,176:INFO:\u2192 Closest match: Gaindu, Cosine distance: 0.2538
2025-04-06 18:53:29,177:INFO:[+] Recognized: Gaindu
2025-04-06 18:53:29,177:INFO:[MOCK] Green LED ON for Gaindu
2025-04-06 18:53:29,177:INFO:Recognition cycle took 0.4384 seconds
2025-04-06 18:53:30,107:INFO:\u2192 Closest match: Gaindu, Cosine distance: 0.2670
2025-04-06 18:53:30,108:INFO:\u2192 Closest match: Gaindu, Cosine distance: 0.2833
2025-04-06 18:53:30,108:INFO:[+] Recognized: Gaindu
2025-04-06 18:53:30,108:INFO:[+] Recognized: Gaindu
2025-04-06 18:53:30,108:INFO:[MOCK] Green LED ON for Gaindu
2025-04-06 18:53:30,108:INFO:[MOCK] Green LED ON for Gaindu
2025-04-06 18:53:30,108:INFO:Recognition cycle took 1.2835 seconds
2025-04-06 18:53:30,109:INFO:Recognition cycle took 1.0646 seconds
2025-04-06 18:53:30,698:INFO:\u2192 Closest match: Gaindu, Cosine distance: 0.1974
2025-04-06 18:53:30,699:INFO:[+] Recognized: Gaindu
2025-04-06 18:53:30,699:INFO:[MOCK] Green LED ON for Gaindu
2025-04-06 18:53:30,699:INFO:Recognition cycle took 1.3094 seconds
2025-04-06 18:53:33,379:INFO:\u2192 Closest match: Gaindu, Cosine distance: 0.2809
2025-04-06 18:53:33,380:INFO:[+] Recognized: Gaindu
2025-04-06 18:53:33,380:INFO:[MOCK] Green LED ON for Gaindu
2025-04-06 18:53:33,380:INFO:Recognition cycle took 0.5929 seconds
2025-04-06 18:53:33,748:INFO:\u2192 Closest match: Gaindu, Cosine distance: 0.1898
2025-04-06 18:53:33,748:INFO:[+] Recognized: Gaindu
2025-04-06 18:53:33,748:INFO:[MOCK] Green LED ON for Gaindu
2025-04-06 18:53:33,749:INFO:Recognition cycle took 0.8374 seconds
2025-04-06 18:53:34,024:INFO:\u2192 Closest match: Gaindu, Cosine distance: 0.2443
2025-04-06 18:53:34,025:INFO:[+] Recognized: Gaindu
2025-04-06 18:53:34,025:INFO:[MOCK] Green LED ON for Gaindu
2025-04-06 18:53:34,025:INFO:Recognition cycle took 0.5428 seconds
2025-04-06 18:53:34,341:INFO:\u2192 Closest match: Gaindu, Cosine distance: 0.1847
2025-04-06 18:53:34,433:INFO:[+] Recognized: Gaindu
2025-04-06 18:53:34,434:INFO:[MOCK] Green LED ON for Gaindu
2025-04-06 18:53:34,434:INFO:Recognition cycle took 0.8163 seconds
2025-04-06 18:53:35,816:INFO:\u2192 Closest match: Gaindu, Cosine distance: 0.3880
2025-04-06 18:53:35,816:INFO:[+] Recognized: Gaindu
2025-04-06 18:53:35,816:INFO:[MOCK] Green LED ON for Gaindu
2025-04-06 18:53:35,817:INFO:Recognition cycle took 0.4439 seconds
2025-04-06 18:53:36,409:INFO:\u2192 Closest match: Gaindu, Cosine distance: 0.2225
2025-04-06 18:53:36,410:INFO:[+] Recognized: Gaindu
2025-04-06 18:53:36,410:INFO:[MOCK] Green LED ON for Gaindu
2025-04-06 18:53:36,410:INFO:Recognition cycle took 0.9161 seconds
2025-04-06 18:53:36,727:INFO:\u2192 Closest match: Gaindu, Cosine distance: 0.4174
2025-04-06 18:53:36,728:INFO:[+] Recognized: Gaindu
2025-04-06 18:53:36,728:INFO:[MOCK] Green LED ON for Gaindu
2025-04-06 18:53:36,728:INFO:Recognition cycle took 1.1170 seconds
2025-04-06 18:53:36,847:INFO:\u2192 Closest match: Gaindu, Cosine distance: 0.1682
2025-04-06 18:53:36,847:INFO:[+] Recognized: Gaindu
2025-04-06 18:53:36,848:INFO:[MOCK] Green LED ON for Gaindu
2025-04-06 18:53:36,848:INFO:Recognition cycle took 1.2197 seconds
2025-04-06 18:53:37,294:INFO:\u2192 Closest match: Gaindu, Cosine distance: 0.1595
2025-04-06 18:53:37,295:INFO:[+] Recognized: Gaindu
2025-04-06 18:53:37,295:INFO:[MOCK] Green LED ON for Gaindu
2025-04-06 18:53:37,295:INFO:Recognition cycle took 1.5405 seconds
2025-04-06 18:53:37,633:INFO:\u2192 Closest match: Gaindu, Cosine distance: 0.1975
2025-04-06 18:53:37,633:INFO:[+] Recognized: Gaindu
2025-04-06 18:53:37,633:INFO:[MOCK] Green LED ON for Gaindu
2025-04-06 18:53:37,634:INFO:Recognition cycle took 1.8152 seconds
2025-04-06 18:53:53,218:INFO:\u2192 Closest match: Gaindu, Cosine distance: 0.2152
2025-04-06 18:53:53,218:INFO:[+] Recognized: Gaindu
2025-04-06 18:53:53,218:INFO:[MOCK] Green LED ON for Gaindu
2025-04-06 18:53:53,218:INFO:Recognition cycle took 0.2163 seconds
2025-04-06 18:53:54,044:INFO:\u2192 Closest match: Gaindu, Cosine distance: 0.1955
2025-04-06 18:53:54,045:INFO:[+] Recognized: Gaindu
2025-04-06 18:53:54,045:INFO:[MOCK] Green LED ON for Gaindu
2025-04-06 18:53:54,045:INFO:Recognition cycle took 0.2189 seconds
2025-04-06 18:53:54,657:INFO:\u2192 Closest match: Gaindu, Cosine distance: 0.2358
2025-04-06 18:53:54,657:INFO:[+] Recognized: Gaindu
2025-04-06 18:53:54,657:INFO:[MOCK] Green LED ON for Gaindu
2025-04-06 18:53:54,658:INFO:Recognition cycle took 0.3339 seconds
2025-04-06 18:53:54,868:INFO:KeyboardInterrupt received; shutting down.
